2024-01-12 06:28:28 | INFO    | __main__:stash:131 | run - {'image': '20231121', 'version': '0.10.1.post2', 'role': 'EpicPlayer', 'headless': True}
2024-01-12 06:28:37 | INFO    | __main__:claim_epic_games:97 | Try to flush cookie - {'task': 'claim_epic_games'}
2024-01-12 06:28:39 | INFO    | epic_games.agent:_login:237 | login-with-email - {'url': 'https://www.epicgames.com/id/login?lang=en-US&noHostRedirect=true&redirectUrl=https://store.epicgames.com/en-US/free-games'}
2024-01-12 06:28:43 | DEBUG    | epic_games.agent:insert_challenge:215 | Attack challenge - {'stage': 'email_exists_prod'}
2024-01-12 06:28:43 | DEBUG    | hcaptcha_challenger.agents.playwright.control:_parse_label:241 | get task - {'prompt': 'Please click on all images of the heaviest animal species'}
2024-01-12 06:28:44 | DEBUG    | hcaptcha_challenger.agents.playwright.control:_catch_all_binary_challenge:474 | handle task - {'unsupervised': 'binary', 'candidate_labels': ['This is a picture that looks like please click on all images of the heaviest animal species.', "This is a picture that don't look like please click on all images of the heaviest animal species."], 'prompt': 'Please click on all images of the heaviest animal species', 'timit': '0.979s'}
2024-01-12 06:28:54 | DEBUG    | epic_games.agent:insert_challenge:218 | Parse result - {'stage': 'email_exists_prod', 'result': <Status.CHALLENGE_RETRY: 'retry'>}
2024-01-12 06:29:00 | DEBUG    | hcaptcha_challenger.agents.playwright.control:_parse_label:241 | get task - {'prompt': 'Please click on all images of the heaviest animal species'}
2024-01-12 06:29:01 | DEBUG    | hcaptcha_challenger.agents.playwright.control:_catch_all_binary_challenge:474 | handle task - {'unsupervised': 'binary', 'candidate_labels': ['This is a picture that looks like please click on all images of the heaviest animal species.', "This is a picture that don't look like please click on all images of the heaviest animal species."], 'prompt': 'Please click on all images of the heaviest animal species', 'timit': '0.750s'}
2024-01-12 06:29:11 | DEBUG    | epic_games.agent:insert_challenge:218 | Parse result - {'stage': 'email_exists_prod', 'result': <Status.CHALLENGE_RETRY: 'retry'>}
2024-01-12 06:29:16 | DEBUG    | hcaptcha_challenger.agents.playwright.control:_parse_label:241 | get task - {'prompt': 'Please click on all images of the heaviest animal species'}
2024-01-12 06:29:17 | DEBUG    | hcaptcha_challenger.agents.playwright.control:_catch_all_binary_challenge:474 | handle task - {'unsupervised': 'binary', 'candidate_labels': ['This is a picture that looks like please click on all images of the heaviest animal species.', "This is a picture that don't look like please click on all images of the heaviest animal species."], 'prompt': 'Please click on all images of the heaviest animal species', 'timit': '0.731s'}
2024-01-12 06:29:27 | DEBUG    | epic_games.agent:insert_challenge:218 | Parse result - {'stage': 'email_exists_prod', 'result': <Status.CHALLENGE_RETRY: 'retry'>}
2024-01-12 06:29:30 | DEBUG    | hcaptcha_challenger.agents.playwright.control:_parse_label:241 | get task - {'prompt': 'Please click on all images of the heaviest animal species'}
2024-01-12 06:29:31 | DEBUG    | hcaptcha_challenger.agents.playwright.control:_catch_all_binary_challenge:474 | handle task - {'unsupervised': 'binary', 'candidate_labels': ['This is a picture that looks like please click on all images of the heaviest animal species.', "This is a picture that don't look like please click on all images of the heaviest animal species."], 'prompt': 'Please click on all images of the heaviest animal species', 'timit': '0.727s'}
2024-01-12 06:29:40 | DEBUG    | epic_games.agent:insert_challenge:218 | Parse result - {'stage': 'email_exists_prod', 'result': <Status.CHALLENGE_RETRY: 'retry'>}
2024-01-12 06:29:45 | DEBUG    | hcaptcha_challenger.agents.playwright.control:_parse_label:241 | get task - {'prompt': 'Please click on all images of the heaviest animal species'}
2024-01-12 06:29:46 | DEBUG    | hcaptcha_challenger.agents.playwright.control:_catch_all_binary_challenge:474 | handle task - {'unsupervised': 'binary', 'candidate_labels': ['This is a picture that looks like please click on all images of the heaviest animal species.', "This is a picture that don't look like please click on all images of the heaviest animal species."], 'prompt': 'Please click on all images of the heaviest animal species', 'timit': '0.710s'}
2024-01-12 06:29:57 | DEBUG    | epic_games.agent:insert_challenge:218 | Parse result - {'stage': 'email_exists_prod', 'result': <Status.CHALLENGE_RETRY: 'retry'>}
2024-01-12 06:30:00 | DEBUG    | hcaptcha_challenger.agents.playwright.control:_parse_label:241 | get task - {'prompt': 'Please click on all images of the heaviest animal species'}
2024-01-12 06:30:01 | DEBUG    | hcaptcha_challenger.agents.playwright.control:_catch_all_binary_challenge:474 | handle task - {'unsupervised': 'binary', 'candidate_labels': ['This is a picture that looks like please click on all images of the heaviest animal species.', "This is a picture that don't look like please click on all images of the heaviest animal species."], 'prompt': 'Please click on all images of the heaviest animal species', 'timit': '0.725s'}
2024-01-12 06:30:11 | DEBUG    | epic_games.agent:insert_challenge:218 | Parse result - {'stage': 'email_exists_prod', 'result': <Status.CHALLENGE_RETRY: 'retry'>}
2024-01-12 06:30:15 | DEBUG    | hcaptcha_challenger.agents.playwright.control:_parse_label:241 | get task - {'prompt': 'Please click on all images of the heaviest animal species'}
2024-01-12 06:30:15 | DEBUG    | hcaptcha_challenger.agents.playwright.control:_catch_all_binary_challenge:474 | handle task - {'unsupervised': 'binary', 'candidate_labels': ['This is a picture that looks like please click on all images of the heaviest animal species.', "This is a picture that don't look like please click on all images of the heaviest animal species."], 'prompt': 'Please click on all images of the heaviest animal species', 'timit': '0.729s'}
2024-01-12 06:30:25 | DEBUG    | epic_games.agent:insert_challenge:218 | Parse result - {'stage': 'email_exists_prod', 'result': <Status.CHALLENGE_RETRY: 'retry'>}
2024-01-12 06:30:29 | DEBUG    | hcaptcha_challenger.agents.playwright.control:_parse_label:241 | get task - {'prompt': 'Please click on all images of the heaviest animal species'}
2024-01-12 06:30:30 | DEBUG    | hcaptcha_challenger.agents.playwright.control:_catch_all_binary_challenge:474 | handle task - {'unsupervised': 'binary', 'candidate_labels': ['This is a picture that looks like please click on all images of the heaviest animal species.', "This is a picture that don't look like please click on all images of the heaviest animal species."], 'prompt': 'Please click on all images of the heaviest animal species', 'timit': '0.706s'}
2024-01-12 06:30:42 | DEBUG    | epic_games.agent:insert_challenge:218 | Parse result - {'stage': 'email_exists_prod', 'result': <Status.CHALLENGE_RETRY: 'retry'>}
2024-01-12 06:30:44 | DEBUG    | hcaptcha_challenger.agents.playwright.control:_parse_label:241 | get task - {'prompt': 'Please click on all images of the heaviest animal species'}
2024-01-12 06:30:45 | DEBUG    | hcaptcha_challenger.agents.playwright.control:_catch_all_binary_challenge:474 | handle task - {'unsupervised': 'binary', 'candidate_labels': ['This is a picture that looks like please click on all images of the heaviest animal species.', "This is a picture that don't look like please click on all images of the heaviest animal species."], 'prompt': 'Please click on all images of the heaviest animal species', 'timit': '0.739s'}
2024-01-12 06:30:55 | DEBUG    | epic_games.agent:insert_challenge:218 | Parse result - {'stage': 'email_exists_prod', 'result': <Status.CHALLENGE_RETRY: 'retry'>}
2024-01-12 06:30:59 | DEBUG    | hcaptcha_challenger.agents.playwright.control:_parse_label:241 | get task - {'prompt': 'Please click on all images of the heaviest animal species'}
2024-01-12 06:31:00 | DEBUG    | hcaptcha_challenger.agents.playwright.control:_catch_all_binary_challenge:474 | handle task - {'unsupervised': 'binary', 'candidate_labels': ['This is a picture that looks like please click on all images of the heaviest animal species.', "This is a picture that don't look like please click on all images of the heaviest animal species."], 'prompt': 'Please click on all images of the heaviest animal species', 'timit': '0.707s'}
2024-01-12 06:31:11 | DEBUG    | epic_games.agent:insert_challenge:218 | Parse result - {'stage': 'email_exists_prod', 'result': <Status.CHALLENGE_RETRY: 'retry'>}
2024-01-12 06:31:14 | DEBUG    | hcaptcha_challenger.agents.playwright.control:_parse_label:241 | get task - {'prompt': 'Please click on all images of the heaviest animal species'}
2024-01-12 06:31:14 | DEBUG    | hcaptcha_challenger.agents.playwright.control:_catch_all_binary_challenge:474 | handle task - {'unsupervised': 'binary', 'candidate_labels': ['This is a picture that looks like please click on all images of the heaviest animal species.', "This is a picture that don't look like please click on all images of the heaviest animal species."], 'prompt': 'Please click on all images of the heaviest animal species', 'timit': '0.696s'}
2024-01-12 06:31:24 | DEBUG    | epic_games.agent:insert_challenge:218 | Parse result - {'stage': 'email_exists_prod', 'result': <Status.CHALLENGE_RETRY: 'retry'>}
2024-01-12 06:31:27 | DEBUG    | hcaptcha_challenger.agents.playwright.control:_parse_label:241 | get task - {'prompt': 'Please click on all images of the heaviest animal species'}
2024-01-12 06:31:28 | DEBUG    | hcaptcha_challenger.agents.playwright.control:_catch_all_binary_challenge:474 | handle task - {'unsupervised': 'binary', 'candidate_labels': ['This is a picture that looks like please click on all images of the heaviest animal species.', "This is a picture that don't look like please click on all images of the heaviest animal species."], 'prompt': 'Please click on all images of the heaviest animal species', 'timit': '0.737s'}
2024-01-12 06:31:37 | DEBUG    | epic_games.agent:insert_challenge:218 | Parse result - {'stage': 'email_exists_prod', 'result': <Status.CHALLENGE_RETRY: 'retry'>}
2024-01-12 06:31:43 | DEBUG    | hcaptcha_challenger.agents.playwright.control:_parse_label:241 | get task - {'prompt': 'Please click on all images of the heaviest animal species'}
2024-01-12 06:31:44 | DEBUG    | hcaptcha_challenger.agents.playwright.control:_catch_all_binary_challenge:474 | handle task - {'unsupervised': 'binary', 'candidate_labels': ['This is a picture that looks like please click on all images of the heaviest animal species.', "This is a picture that don't look like please click on all images of the heaviest animal species."], 'prompt': 'Please click on all images of the heaviest animal species', 'timit': '0.758s'}
2024-01-12 06:31:53 | DEBUG    | epic_games.agent:insert_challenge:218 | Parse result - {'stage': 'email_exists_prod', 'result': <Status.CHALLENGE_RETRY: 'retry'>}
2024-01-12 06:31:56 | DEBUG    | hcaptcha_challenger.agents.playwright.control:_parse_label:241 | get task - {'prompt': 'Please click on all images of the heaviest animal species'}
2024-01-12 06:31:57 | DEBUG    | hcaptcha_challenger.agents.playwright.control:_catch_all_binary_challenge:474 | handle task - {'unsupervised': 'binary', 'candidate_labels': ['This is a picture that looks like please click on all images of the heaviest animal species.', "This is a picture that don't look like please click on all images of the heaviest animal species."], 'prompt': 'Please click on all images of the heaviest animal species', 'timit': '0.732s'}
2024-01-12 06:32:07 | DEBUG    | epic_games.agent:insert_challenge:218 | Parse result - {'stage': 'email_exists_prod', 'result': <Status.CHALLENGE_RETRY: 'retry'>}
2024-01-12 06:32:12 | DEBUG    | hcaptcha_challenger.agents.playwright.control:_parse_label:241 | get task - {'prompt': 'Please click on all images of the heaviest animal species'}
2024-01-12 06:32:13 | DEBUG    | hcaptcha_challenger.agents.playwright.control:_catch_all_binary_challenge:474 | handle task - {'unsupervised': 'binary', 'candidate_labels': ['This is a picture that looks like please click on all images of the heaviest animal species.', "This is a picture that don't look like please click on all images of the heaviest animal species."], 'prompt': 'Please click on all images of the heaviest animal species', 'timit': '0.707s'}
2024-01-12 06:32:22 | DEBUG    | epic_games.agent:insert_challenge:218 | Parse result - {'stage': 'email_exists_prod', 'result': <Status.CHALLENGE_RETRY: 'retry'>}
2024-01-12 06:32:52 | WARNING    | epic_games.agent:authorize:266 | 执行超时 - {'task': 'authorize', 'retry': 0}
2024-01-12 06:32:54 | INFO    | epic_games.agent:_login:237 | login-with-email - {'url': 'https://www.epicgames.com/id/login?lang=en-US&noHostRedirect=true&redirectUrl=https://store.epicgames.com/en-US/free-games'}
2024-01-12 06:32:58 | DEBUG    | epic_games.agent:insert_challenge:215 | Attack challenge - {'stage': 'email_exists_prod'}
2024-01-12 06:32:58 | DEBUG    | hcaptcha_challenger.agents.playwright.control:_parse_label:241 | get task - {'prompt': 'Please click on all images of the heaviest animal species'}
2024-01-12 06:32:59 | DEBUG    | hcaptcha_challenger.agents.playwright.control:_catch_all_binary_challenge:474 | handle task - {'unsupervised': 'binary', 'candidate_labels': ['This is a picture that looks like please click on all images of the heaviest animal species.', "This is a picture that don't look like please click on all images of the heaviest animal species."], 'prompt': 'Please click on all images of the heaviest animal species', 'timit': '0.706s'}
2024-01-12 06:33:19 | DEBUG    | epic_games.agent:insert_challenge:218 | Parse result - {'stage': 'email_exists_prod', 'result': <Status.CHALLENGE_RETRY: 'retry'>}
2024-01-12 06:33:23 | DEBUG    | hcaptcha_challenger.agents.playwright.control:_parse_label:241 | get task - {'prompt': 'Please click on all images of the heaviest animal species'}
2024-01-12 06:33:23 | DEBUG    | hcaptcha_challenger.agents.playwright.control:_catch_all_binary_challenge:474 | handle task - {'unsupervised': 'binary', 'candidate_labels': ['This is a picture that looks like please click on all images of the heaviest animal species.', "This is a picture that don't look like please click on all images of the heaviest animal species."], 'prompt': 'Please click on all images of the heaviest animal species', 'timit': '0.704s'}
2024-01-12 06:33:38 | DEBUG    | epic_games.agent:insert_challenge:218 | Parse result - {'stage': 'email_exists_prod', 'result': <Status.CHALLENGE_RETRY: 'retry'>}
2024-01-12 06:33:43 | DEBUG    | hcaptcha_challenger.agents.playwright.control:_parse_label:241 | get task - {'prompt': 'Please click on all images of the heaviest animal species'}
2024-01-12 06:33:44 | DEBUG    | hcaptcha_challenger.agents.playwright.control:_catch_all_binary_challenge:474 | handle task - {'unsupervised': 'binary', 'candidate_labels': ['This is a picture that looks like please click on all images of the heaviest animal species.', "This is a picture that don't look like please click on all images of the heaviest animal species."], 'prompt': 'Please click on all images of the heaviest animal species', 'timit': '0.719s'}
2024-01-12 06:33:55 | DEBUG    | epic_games.agent:insert_challenge:218 | Parse result - {'stage': 'email_exists_prod', 'result': <Status.CHALLENGE_RETRY: 'retry'>}
2024-01-12 06:34:00 | DEBUG    | hcaptcha_challenger.agents.playwright.control:_parse_label:241 | get task - {'prompt': 'Please click on all images of the heaviest animal species'}
2024-01-12 06:34:00 | DEBUG    | hcaptcha_challenger.agents.playwright.control:_catch_all_binary_challenge:474 | handle task - {'unsupervised': 'binary', 'candidate_labels': ['This is a picture that looks like please click on all images of the heaviest animal species.', "This is a picture that don't look like please click on all images of the heaviest animal species."], 'prompt': 'Please click on all images of the heaviest animal species', 'timit': '0.738s'}
2024-01-12 06:34:11 | DEBUG    | epic_games.agent:insert_challenge:218 | Parse result - {'stage': 'email_exists_prod', 'result': <Status.CHALLENGE_RETRY: 'retry'>}
2024-01-12 06:34:18 | DEBUG    | hcaptcha_challenger.agents.playwright.control:_parse_label:241 | get task - {'prompt': 'Please click on all images of the heaviest animal species'}
2024-01-12 06:34:19 | DEBUG    | hcaptcha_challenger.agents.playwright.control:_catch_all_binary_challenge:474 | handle task - {'unsupervised': 'binary', 'candidate_labels': ['This is a picture that looks like please click on all images of the heaviest animal species.', "This is a picture that don't look like please click on all images of the heaviest animal species."], 'prompt': 'Please click on all images of the heaviest animal species', 'timit': '0.705s'}
2024-01-12 06:34:28 | DEBUG    | epic_games.agent:insert_challenge:218 | Parse result - {'stage': 'email_exists_prod', 'result': <Status.CHALLENGE_RETRY: 'retry'>}
2024-01-12 06:34:32 | DEBUG    | hcaptcha_challenger.agents.playwright.control:_parse_label:241 | get task - {'prompt': 'Please click on all images of the heaviest animal species'}
2024-01-12 06:34:33 | DEBUG    | hcaptcha_challenger.agents.playwright.control:_catch_all_binary_challenge:474 | handle task - {'unsupervised': 'binary', 'candidate_labels': ['This is a picture that looks like please click on all images of the heaviest animal species.', "This is a picture that don't look like please click on all images of the heaviest animal species."], 'prompt': 'Please click on all images of the heaviest animal species', 'timit': '0.728s'}
2024-01-12 06:34:41 | DEBUG    | epic_games.agent:insert_challenge:218 | Parse result - {'stage': 'email_exists_prod', 'result': <Status.CHALLENGE_RETRY: 'retry'>}
2024-01-12 06:34:44 | DEBUG    | hcaptcha_challenger.agents.playwright.control:_parse_label:241 | get task - {'prompt': 'Please click on all images of the heaviest animal species'}
2024-01-12 06:34:45 | DEBUG    | hcaptcha_challenger.agents.playwright.control:_catch_all_binary_challenge:474 | handle task - {'unsupervised': 'binary', 'candidate_labels': ['This is a picture that looks like please click on all images of the heaviest animal species.', "This is a picture that don't look like please click on all images of the heaviest animal species."], 'prompt': 'Please click on all images of the heaviest animal species', 'timit': '0.699s'}
2024-01-12 06:34:59 | DEBUG    | epic_games.agent:insert_challenge:218 | Parse result - {'stage': 'email_exists_prod', 'result': <Status.CHALLENGE_RETRY: 'retry'>}
2024-01-12 06:35:02 | DEBUG    | hcaptcha_challenger.agents.playwright.control:_parse_label:241 | get task - {'prompt': 'Please click on all images of the heaviest animal species'}
2024-01-12 06:35:03 | DEBUG    | hcaptcha_challenger.agents.playwright.control:_catch_all_binary_challenge:474 | handle task - {'unsupervised': 'binary', 'candidate_labels': ['This is a picture that looks like please click on all images of the heaviest animal species.', "This is a picture that don't look like please click on all images of the heaviest animal species."], 'prompt': 'Please click on all images of the heaviest animal species', 'timit': '0.704s'}
2024-01-12 06:35:14 | DEBUG    | epic_games.agent:insert_challenge:218 | Parse result - {'stage': 'email_exists_prod', 'result': <Status.CHALLENGE_RETRY: 'retry'>}
2024-01-12 06:35:17 | DEBUG    | hcaptcha_challenger.agents.playwright.control:_parse_label:241 | get task - {'prompt': 'Please click on all images of the heaviest animal species'}
2024-01-12 06:35:18 | DEBUG    | hcaptcha_challenger.agents.playwright.control:_catch_all_binary_challenge:474 | handle task - {'unsupervised': 'binary', 'candidate_labels': ['This is a picture that looks like please click on all images of the heaviest animal species.', "This is a picture that don't look like please click on all images of the heaviest animal species."], 'prompt': 'Please click on all images of the heaviest animal species', 'timit': '0.708s'}
2024-01-12 06:35:28 | DEBUG    | epic_games.agent:insert_challenge:218 | Parse result - {'stage': 'email_exists_prod', 'result': <Status.CHALLENGE_RETRY: 'retry'>}
2024-01-12 06:35:31 | DEBUG    | hcaptcha_challenger.agents.playwright.control:_parse_label:241 | get task - {'prompt': 'Please click on all images of the heaviest animal species'}
2024-01-12 06:35:32 | DEBUG    | hcaptcha_challenger.agents.playwright.control:_catch_all_binary_challenge:474 | handle task - {'unsupervised': 'binary', 'candidate_labels': ['This is a picture that looks like please click on all images of the heaviest animal species.', "This is a picture that don't look like please click on all images of the heaviest animal species."], 'prompt': 'Please click on all images of the heaviest animal species', 'timit': '0.748s'}
2024-01-12 06:35:42 | DEBUG    | epic_games.agent:insert_challenge:218 | Parse result - {'stage': 'email_exists_prod', 'result': <Status.CHALLENGE_RETRY: 'retry'>}
2024-01-12 06:35:47 | DEBUG    | hcaptcha_challenger.agents.playwright.control:_parse_label:241 | get task - {'prompt': 'Please click on all images of the heaviest animal species'}
2024-01-12 06:35:48 | DEBUG    | hcaptcha_challenger.agents.playwright.control:_catch_all_binary_challenge:474 | handle task - {'unsupervised': 'binary', 'candidate_labels': ['This is a picture that looks like please click on all images of the heaviest animal species.', "This is a picture that don't look like please click on all images of the heaviest animal species."], 'prompt': 'Please click on all images of the heaviest animal species', 'timit': '0.774s'}
2024-01-12 06:35:58 | DEBUG    | epic_games.agent:insert_challenge:218 | Parse result - {'stage': 'email_exists_prod', 'result': <Status.CHALLENGE_RETRY: 'retry'>}
2024-01-12 06:36:05 | DEBUG    | hcaptcha_challenger.agents.playwright.control:_parse_label:241 | get task - {'prompt': 'Please click on all images of the heaviest animal species'}
2024-01-12 06:36:05 | DEBUG    | hcaptcha_challenger.agents.playwright.control:_catch_all_binary_challenge:474 | handle task - {'unsupervised': 'binary', 'candidate_labels': ['This is a picture that looks like please click on all images of the heaviest animal species.', "This is a picture that don't look like please click on all images of the heaviest animal species."], 'prompt': 'Please click on all images of the heaviest animal species', 'timit': '0.736s'}
2024-01-12 06:36:16 | DEBUG    | epic_games.agent:insert_challenge:218 | Parse result - {'stage': 'email_exists_prod', 'result': <Status.CHALLENGE_RETRY: 'retry'>}
2024-01-12 06:36:20 | DEBUG    | hcaptcha_challenger.agents.playwright.control:_parse_label:241 | get task - {'prompt': 'Please click on all images of the heaviest animal species'}
2024-01-12 06:36:20 | DEBUG    | hcaptcha_challenger.agents.playwright.control:_catch_all_binary_challenge:474 | handle task - {'unsupervised': 'binary', 'candidate_labels': ['This is a picture that looks like please click on all images of the heaviest animal species.', "This is a picture that don't look like please click on all images of the heaviest animal species."], 'prompt': 'Please click on all images of the heaviest animal species', 'timit': '0.760s'}
2024-01-12 06:36:29 | DEBUG    | epic_games.agent:insert_challenge:218 | Parse result - {'stage': 'email_exists_prod', 'result': <Status.CHALLENGE_RETRY: 'retry'>}
2024-01-12 06:36:32 | DEBUG    | hcaptcha_challenger.agents.playwright.control:_parse_label:241 | get task - {'prompt': 'Please click on all images of the heaviest animal species'}
2024-01-12 06:36:33 | DEBUG    | hcaptcha_challenger.agents.playwright.control:_catch_all_binary_challenge:474 | handle task - {'unsupervised': 'binary', 'candidate_labels': ['This is a picture that looks like please click on all images of the heaviest animal species.', "This is a picture that don't look like please click on all images of the heaviest animal species."], 'prompt': 'Please click on all images of the heaviest animal species', 'timit': '0.729s'}
2024-01-12 06:36:44 | DEBUG    | epic_games.agent:insert_challenge:218 | Parse result - {'stage': 'email_exists_prod', 'result': <Status.CHALLENGE_RETRY: 'retry'>}
2024-01-12 06:36:49 | DEBUG    | hcaptcha_challenger.agents.playwright.control:_parse_label:241 | get task - {'prompt': 'Please click on all images of the heaviest animal species'}
2024-01-12 06:36:49 | DEBUG    | hcaptcha_challenger.agents.playwright.control:_catch_all_binary_challenge:474 | handle task - {'unsupervised': 'binary', 'candidate_labels': ['This is a picture that looks like please click on all images of the heaviest animal species.', "This is a picture that don't look like please click on all images of the heaviest animal species."], 'prompt': 'Please click on all images of the heaviest animal species', 'timit': '0.710s'}
2024-01-12 06:36:59 | DEBUG    | epic_games.agent:insert_challenge:218 | Parse result - {'stage': 'email_exists_prod', 'result': <Status.CHALLENGE_RETRY: 'retry'>}
2024-01-12 06:37:29 | WARNING    | epic_games.agent:authorize:266 | 执行超时 - {'task': 'authorize', 'retry': 1}
2024-01-12 06:37:31 | INFO    | epic_games.agent:_login:237 | login-with-email - {'url': 'https://www.epicgames.com/id/login?lang=en-US&noHostRedirect=true&redirectUrl=https://store.epicgames.com/en-US/free-games'}
2024-01-12 06:37:35 | DEBUG    | epic_games.agent:insert_challenge:215 | Attack challenge - {'stage': 'email_exists_prod'}
2024-01-12 06:37:35 | DEBUG    | hcaptcha_challenger.agents.playwright.control:_parse_label:241 | get task - {'prompt': 'Please click on all images of the heaviest animal species'}
2024-01-12 06:37:36 | DEBUG    | hcaptcha_challenger.agents.playwright.control:_catch_all_binary_challenge:474 | handle task - {'unsupervised': 'binary', 'candidate_labels': ['This is a picture that looks like please click on all images of the heaviest animal species.', "This is a picture that don't look like please click on all images of the heaviest animal species."], 'prompt': 'Please click on all images of the heaviest animal species', 'timit': '0.729s'}
2024-01-12 06:37:48 | DEBUG    | epic_games.agent:insert_challenge:218 | Parse result - {'stage': 'email_exists_prod', 'result': <Status.CHALLENGE_RETRY: 'retry'>}
2024-01-12 06:37:52 | DEBUG    | hcaptcha_challenger.agents.playwright.control:_parse_label:241 | get task - {'prompt': 'Please click on all images of the heaviest animal species'}
2024-01-12 06:37:52 | DEBUG    | hcaptcha_challenger.agents.playwright.control:_catch_all_binary_challenge:474 | handle task - {'unsupervised': 'binary', 'candidate_labels': ['This is a picture that looks like please click on all images of the heaviest animal species.', "This is a picture that don't look like please click on all images of the heaviest animal species."], 'prompt': 'Please click on all images of the heaviest animal species', 'timit': '0.739s'}
2024-01-12 06:38:00 | DEBUG    | epic_games.agent:insert_challenge:218 | Parse result - {'stage': 'email_exists_prod', 'result': <Status.CHALLENGE_RETRY: 'retry'>}
2024-01-12 06:38:04 | DEBUG    | hcaptcha_challenger.agents.playwright.control:_parse_label:241 | get task - {'prompt': 'Please click on all images of the heaviest animal species'}
2024-01-12 06:38:05 | DEBUG    | hcaptcha_challenger.agents.playwright.control:_catch_all_binary_challenge:474 | handle task - {'unsupervised': 'binary', 'candidate_labels': ['This is a picture that looks like please click on all images of the heaviest animal species.', "This is a picture that don't look like please click on all images of the heaviest animal species."], 'prompt': 'Please click on all images of the heaviest animal species', 'timit': '0.759s'}
2024-01-12 06:38:17 | DEBUG    | epic_games.agent:insert_challenge:218 | Parse result - {'stage': 'email_exists_prod', 'result': <Status.CHALLENGE_RETRY: 'retry'>}
2024-01-12 06:38:20 | DEBUG    | hcaptcha_challenger.agents.playwright.control:_parse_label:241 | get task - {'prompt': 'Please click on all images of the heaviest animal species'}
2024-01-12 06:38:21 | DEBUG    | hcaptcha_challenger.agents.playwright.control:_catch_all_binary_challenge:474 | handle task - {'unsupervised': 'binary', 'candidate_labels': ['This is a picture that looks like please click on all images of the heaviest animal species.', "This is a picture that don't look like please click on all images of the heaviest animal species."], 'prompt': 'Please click on all images of the heaviest animal species', 'timit': '0.692s'}
2024-01-12 06:38:31 | DEBUG    | epic_games.agent:insert_challenge:218 | Parse result - {'stage': 'email_exists_prod', 'result': <Status.CHALLENGE_RETRY: 'retry'>}
2024-01-12 06:38:34 | DEBUG    | hcaptcha_challenger.agents.playwright.control:_parse_label:241 | get task - {'prompt': 'Please click on all images of the heaviest animal species'}
2024-01-12 06:38:35 | DEBUG    | hcaptcha_challenger.agents.playwright.control:_catch_all_binary_challenge:474 | handle task - {'unsupervised': 'binary', 'candidate_labels': ['This is a picture that looks like please click on all images of the heaviest animal species.', "This is a picture that don't look like please click on all images of the heaviest animal species."], 'prompt': 'Please click on all images of the heaviest animal species', 'timit': '0.710s'}
